2024-12-11 19:26:50.051 - DEBUG - User ID 5531 - Cache cleared successfully.
2024-12-11 14:36:15.271 - DEBUG - User ID 5752 - Database connection failed.
2024-12-11 18:22:02.450 - WARNING - User ID 2968 - Service request timed out.
2024-12-12 07:49:55.159 - DEBUG - User ID 1750 - Service request timed out.
2024-12-11 15:30:32.283 - WARNING - User ID 4862 - Data retrieval successful.
2024-12-11 19:59:22.182 - INFO - User ID 4035 - User failed to authenticate.
2024-12-12 01:38:44.764 - ERROR - User ID 3092 - Data saved to database.
2024-12-11 19:44:00.431 - ERROR - User ID 3987 - Data saved to database.
2024-12-11 08:51:25.960 - ERROR - User ID 2217 - An unexpected error occurred.
2024-12-11 14:07:23.861 - CRITICAL - User ID 4189 - Cache cleared successfully.
2024-12-12 02:48:05.818 - ERROR - User ID 5573 - Database connection failed.
2024-12-12 03:34:29.130 - WARNING - User ID 8429 - User failed to authenticate.
2024-12-11 11:15:20.799 - WARNING - User ID 4376 - Data saved to database.
2024-12-11 15:51:25.753 - INFO - User ID 1718 - Database connection established.
2024-12-12 06:51:49.241 - ERROR - User ID 8461 - Database connection established.
2024-12-12 01:26:09.255 - CRITICAL - User ID 8643 - User logged in successfully.
2024-12-12 01:57:09.334 - DEBUG - User ID 2555 - Database connection failed.
2024-12-12 03:19:38.997 - WARNING - User ID 3985 - Data saved to database.
2024-12-12 03:05:05.010 - ERROR - User ID 7592 - Data saved to database.
2024-12-11 09:02:53.513 - ERROR - User ID 4054 - Database connection established.
2024-12-12 03:04:24.374 - DEBUG - User ID 3816 - Service request timed out.
2024-12-11 19:39:57.260 - ERROR - User ID 4309 - An unexpected error occurred.
2024-12-11 15:48:39.983 - ERROR - User ID 3857 - User failed to authenticate.
2024-12-11 12:00:02.193 - DEBUG - User ID 8368 - Service request timed out.
2024-12-11 14:53:45.995 - INFO - User ID 8773 - Data retrieval successful.
2024-12-11 20:07:32.421 - ERROR - User ID 8346 - Data saved to database.
2024-12-11 19:53:46.328 - ERROR - User ID 8843 - Database connection established.
2024-12-11 18:52:11.458 - CRITICAL - User ID 2774 - Database connection failed.
2024-12-11 14:40:00.929 - INFO - User ID 2350 - Data saved to database.
2024-12-11 14:02:58.864 - WARNING - User ID 3146 - Data retrieval successful.
2024-12-11 20:24:12.493 - DEBUG - User ID 4980 - Data saved to database.
2024-12-12 03:05:45.998 - DEBUG - User ID 6514 - Data retrieval successful.
2024-12-12 00:02:52.079 - ERROR - User ID 8048 - User logged in successfully.
2024-12-12 00:20:03.723 - INFO - User ID 4888 - Database connection established.
2024-12-11 19:15:22.517 - CRITICAL - User ID 8221 - User failed to authenticate.
2024-12-11 21:34:24.788 - DEBUG - User ID 9645 - User failed to authenticate.
2024-12-11 09:21:38.794 - CRITICAL - User ID 1428 - Database connection failed.
2024-12-11 23:52:44.471 - INFO - User ID 2751 - An unexpected error occurred.
2024-12-12 01:41:26.831 - WARNING - User ID 1792 - Service request timed out.
2024-12-12 06:58:36.978 - INFO - User ID 9522 - Service request timed out.
2024-12-11 10:18:37.563 - ERROR - User ID 5511 - User failed to authenticate.
2024-12-11 23:04:25.309 - WARNING - User ID 5171 - An unexpected error occurred.
2024-12-11 21:11:50.965 - DEBUG - User ID 6937 - Database connection established.
2024-12-12 07:28:51.781 - INFO - User ID 2335 - User failed to authenticate.
2024-12-11 21:03:52.558 - CRITICAL - User ID 7592 - Data saved to database.
2024-12-11 20:17:31.393 - CRITICAL - User ID 6757 - Data retrieval successful.
2024-12-12 05:43:49.022 - INFO - User ID 7253 - Database connection failed.
2024-12-11 21:03:08.680 - WARNING - User ID 8183 - User logged in successfully.
2024-12-11 13:23:44.119 - ERROR - User ID 6572 - User logged in successfully.
2024-12-11 14:58:29.398 - INFO - User ID 2735 - Data retrieval successful.
Authentication Failure Detected: 7 attempts failed.